The C compiler identification could not be found in "/home/szc/Desktop/TensaiFlow_rc_alpha2-0.2/Applications/SZC_motion_s123/build/CMakeFiles/3.20.5/CompilerIdC/CMakeCCompilerId.d"

The CXX compiler identification could not be found in "/home/szc/Desktop/TensaiFlow_rc_alpha2-0.2/Applications/SZC_motion_s123/build/CMakeFiles/3.20.5/CompilerIdCXX/CMakeCXXCompilerId.d"

The C compiler identification could not be found in "/home/szc/Desktop/TensaiFlow_rc_alpha2-0.2/Applications/SZC_motion_s123/build/CMakeFiles/3.20.5/CompilerIdC/CMakeCCompilerId.d"

The CXX compiler identification could not be found in "/home/szc/Desktop/TensaiFlow_rc_alpha2-0.2/Applications/SZC_motion_s123/build/CMakeFiles/3.20.5/CompilerIdCXX/CMakeCXXCompilerId.d"

The C compiler identification could not be found in "/home/szc/Desktop/TensaiFlow_rc_alpha2-0.2/Applications/SZC_motion_s123/build/CMakeFiles/3.20.5/CompilerIdC/CMakeCCompilerId.d"

The CXX compiler identification could not be found in "/home/szc/Desktop/TensaiFlow_rc_alpha2-0.2/Applications/SZC_motion_s123/build/CMakeFiles/3.20.5/CompilerIdCXX/CMakeCXXCompilerId.d"

The C compiler identification could not be found in "/home/szc/Desktop/TensaiFlow_rc_alpha2-0.2/Applications/SZC_motion_s123/build/CMakeFiles/3.20.5/CompilerIdC/CMakeCCompilerId.d"

The CXX compiler identification could not be found in "/home/szc/Desktop/TensaiFlow_rc_alpha2-0.2/Applications/SZC_motion_s123/build/CMakeFiles/3.20.5/CompilerIdCXX/CMakeCXXCompilerId.d"

The C compiler identification could not be found in "/home/szc/Desktop/TensaiFlow_rc_alpha2-0.2/Applications/SZC_motion_s123/build/CMakeFiles/3.20.5/CompilerIdC/CMakeCCompilerId.d"

The CXX compiler identification could not be found in "/home/szc/Desktop/TensaiFlow_rc_alpha2-0.2/Applications/SZC_motion_s123/build/CMakeFiles/3.20.5/CompilerIdCXX/CMakeCXXCompilerId.d"

The C compiler identification could not be found in "/home/szc/Desktop/TensaiFlow_rc_alpha2-0.2/Applications/SZC_motion_s123/build/CMakeFiles/3.20.5/CompilerIdC/CMakeCCompilerId.d"

The CXX compiler identification could not be found in "/home/szc/Desktop/TensaiFlow_rc_alpha2-0.2/Applications/SZC_motion_s123/build/CMakeFiles/3.20.5/CompilerIdCXX/CMakeCXXCompilerId.d"

The C compiler identification could not be found in "/home/szc/Desktop/TensaiFlow_rc_alpha2-0.2/Applications/SZC_motion_s123/build/CMakeFiles/3.20.5/CompilerIdC/CMakeCCompilerId.d"

The CXX compiler identification could not be found in "/home/szc/Desktop/TensaiFlow_rc_alpha2-0.2/Applications/SZC_motion_s123/build/CMakeFiles/3.20.5/CompilerIdCXX/CMakeCXXCompilerId.d"

The C compiler identification could not be found in "/home/szc/Desktop/TensaiFlow_rc_alpha2-0.2/Applications/SZC_motion_s123/build/CMakeFiles/3.20.5/CompilerIdC/CMakeCCompilerId.d"

The CXX compiler identification could not be found in "/home/szc/Desktop/TensaiFlow_rc_alpha2-0.2/Applications/SZC_motion_s123/build/CMakeFiles/3.20.5/CompilerIdCXX/CMakeCXXCompilerId.d"

The C compiler identification could not be found in "/home/szc/Desktop/TensaiFlow_rc_alpha2-0.2/Applications/SZC_motion_s123/build/CMakeFiles/3.20.5/CompilerIdC/CMakeCCompilerId.d"

The CXX compiler identification could not be found in "/home/szc/Desktop/TensaiFlow_rc_alpha2-0.2/Applications/SZC_motion_s123/build/CMakeFiles/3.20.5/CompilerIdCXX/CMakeCXXCompilerId.d"

The C compiler identification could not be found in "/home/szc/Desktop/TensaiFlow_rc_alpha2-0.2/Applications/SZC_motion_s123/build/CMakeFiles/3.20.5/CompilerIdC/CMakeCCompilerId.d"

The CXX compiler identification could not be found in "/home/szc/Desktop/TensaiFlow_rc_alpha2-0.2/Applications/SZC_motion_s123/build/CMakeFiles/3.20.5/CompilerIdCXX/CMakeCXXCompilerId.d"

The C compiler identification could not be found in "/home/szc/Desktop/TensaiFlow_rc_alpha2-0.2/Applications/SZC_motion_s123/build/CMakeFiles/3.21.1/CompilerIdC/CMakeCCompilerId.d"

The CXX compiler identification could not be found in "/home/szc/Desktop/TensaiFlow_rc_alpha2-0.2/Applications/SZC_motion_s123/build/CMakeFiles/3.21.1/CompilerIdCXX/CMakeCXXCompilerId.d"

The C compiler identification could not be found in "/home/szc/Desktop/TensaiFlow_rc_alpha2-0.2/Applications/SZC_motion_s123/build/CMakeFiles/3.21.1/CompilerIdC/CMakeCCompilerId.d"

The CXX compiler identification could not be found in "/home/szc/Desktop/TensaiFlow_rc_alpha2-0.2/Applications/SZC_motion_s123/build/CMakeFiles/3.21.1/CompilerIdCXX/CMakeCXXCompilerId.d"

The C compiler identification could not be found in "/home/szc/Desktop/TensaiFlow_rc_alpha2-0.2/Applications/SZC_motion_s123/build/CMakeFiles/3.21.1/CompilerIdC/CMakeCCompilerId.d"

The CXX compiler identification could not be found in "/home/szc/Desktop/TensaiFlow_rc_alpha2-0.2/Applications/SZC_motion_s123/build/CMakeFiles/3.21.1/CompilerIdCXX/CMakeCXXCompilerId.d"

The C compiler identification could not be found in "/home/szc/Desktop/TensaiFlow_rc_alpha2-0.2/Applications/SZC_motion_s123/build/CMakeFiles/3.21.1/CompilerIdC/CMakeCCompilerId.d"

The CXX compiler identification could not be found in "/home/szc/Desktop/TensaiFlow_rc_alpha2-0.2/Applications/SZC_motion_s123/build/CMakeFiles/3.21.1/CompilerIdCXX/CMakeCXXCompilerId.d"

The C compiler identification could not be found in "/home/szc/Desktop/TensaiFlow_rc_alpha2-0.2/Applications/SZC_motion_s123/build/CMakeFiles/3.21.1/CompilerIdC/CMakeCCompilerId.d"

The CXX compiler identification could not be found in "/home/szc/Desktop/TensaiFlow_rc_alpha2-0.2/Applications/SZC_motion_s123/build/CMakeFiles/3.21.1/CompilerIdCXX/CMakeCXXCompilerId.d"

The C compiler identification could not be found in "/home/szc/Desktop/TensaiFlow_rc_alpha2-0.2/Applications/SZC_motion_s123/build/CMakeFiles/3.21.1/CompilerIdC/CMakeCCompilerId.d"

The CXX compiler identification could not be found in "/home/szc/Desktop/TensaiFlow_rc_alpha2-0.2/Applications/SZC_motion_s123/build/CMakeFiles/3.21.1/CompilerIdCXX/CMakeCXXCompilerId.d"

The C compiler identification could not be found in "/home/szc/Desktop/TensaiFlow_rc_alpha2-0.2/Applications/SZC_motion_s123/build/CMakeFiles/3.21.1/CompilerIdC/CMakeCCompilerId.d"

The CXX compiler identification could not be found in "/home/szc/Desktop/TensaiFlow_rc_alpha2-0.2/Applications/SZC_motion_s123/build/CMakeFiles/3.21.1/CompilerIdCXX/CMakeCXXCompilerId.d"

The C compiler identification could not be found in "/home/szc/Desktop/TensaiFlow_rc_alpha2-0.2/Applications/SZC_motion_1B6S/build/CMakeFiles/3.21.1/CompilerIdC/CMakeCCompilerId.d"

The CXX compiler identification could not be found in "/home/szc/Desktop/TensaiFlow_rc_alpha2-0.2/Applications/SZC_motion_1B6S/build/CMakeFiles/3.21.1/CompilerIdCXX/CMakeCXXCompilerId.d"

The C compiler identification could not be found in "/home/szc/Desktop/TensaiFlow_rc_alpha2-0.2/Applications/SZC_motion_energy_measurement/build/CMakeFiles/3.21.1/CompilerIdC/CMakeCCompilerId.d"

The CXX compiler identification could not be found in "/home/szc/Desktop/TensaiFlow_rc_alpha2-0.2/Applications/SZC_motion_energy_measurement/build/CMakeFiles/3.21.1/CompilerIdCXX/CMakeCXXCompilerId.d"

The C compiler identification could not be found in "/home/szc/Desktop/TensaiFlow_rc_alpha2-0.2/Applications/SZC_motion_energy_measurement/build/CMakeFiles/3.21.1/CompilerIdC/CMakeCCompilerId.d"

The CXX compiler identification could not be found in "/home/szc/Desktop/TensaiFlow_rc_alpha2-0.2/Applications/SZC_motion_energy_measurement/build/CMakeFiles/3.21.1/CompilerIdCXX/CMakeCXXCompilerId.d"

The C compiler identification could not be found in "/home/szc/Desktop/TensaiFlow_rc_alpha2-0.2/Applications/SZC_motion_energy_measurement/build/CMakeFiles/3.21.3/CompilerIdC/CMakeCCompilerId.d"

The CXX compiler identification could not be found in "/home/szc/Desktop/TensaiFlow_rc_alpha2-0.2/Applications/SZC_motion_energy_measurement/build/CMakeFiles/3.21.3/CompilerIdCXX/CMakeCXXCompilerId.d"

The C compiler identification could not be found in "/home/szc/Desktop/TensaiFlow_rc_alpha2-0.2/Applications/SZC_motion_NNoM/build/CMakeFiles/3.21.3/CompilerIdC/CMakeCCompilerId.d"

The CXX compiler identification could not be found in "/home/szc/Desktop/TensaiFlow_rc_alpha2-0.2/Applications/SZC_motion_NNoM/build/CMakeFiles/3.21.3/CompilerIdCXX/CMakeCXXCompilerId.d"

The C compiler identification could not be found in "/home/szc/Desktop/TensaiFlow_rc_alpha2-0.2/Applications/SZC_motion_NNoM/build/CMakeFiles/3.21.4/CompilerIdC/CMakeCCompilerId.d"

The CXX compiler identification could not be found in "/home/szc/Desktop/TensaiFlow_rc_alpha2-0.2/Applications/SZC_motion_NNoM/build/CMakeFiles/3.21.4/CompilerIdCXX/CMakeCXXCompilerId.d"

The C compiler identification could not be found in "/home/szc/Desktop/TensaiFlow_rc_alpha2-0.2/Applications/SZC_motion_NNoM_1B6S/build/CMakeFiles/3.21.4/CompilerIdC/CMakeCCompilerId.d"

The CXX compiler identification could not be found in "/home/szc/Desktop/TensaiFlow_rc_alpha2-0.2/Applications/SZC_motion_NNoM_1B6S/build/CMakeFiles/3.21.4/CompilerIdCXX/CMakeCXXCompilerId.d"

The C compiler identification could not be found in "/home/szc/Desktop/TensaiFlow_rc_alpha2-0.2/Applications/SZC_motion_NNoM_1B6S/build/CMakeFiles/3.21.4/CompilerIdC/CMakeCCompilerId.d"

The CXX compiler identification could not be found in "/home/szc/Desktop/TensaiFlow_rc_alpha2-0.2/Applications/SZC_motion_NNoM_1B6S/build/CMakeFiles/3.21.4/CompilerIdCXX/CMakeCXXCompilerId.d"

The C compiler identification could not be found in "/home/szc/Desktop/TensaiFlow_rc_alpha2-0.2/Applications/SZC_motion_NNoM_1B6S/build/CMakeFiles/3.21.4/CompilerIdC/CMakeCCompilerId.d"

The CXX compiler identification could not be found in "/home/szc/Desktop/TensaiFlow_rc_alpha2-0.2/Applications/SZC_motion_NNoM_1B6S/build/CMakeFiles/3.21.4/CompilerIdCXX/CMakeCXXCompilerId.d"

The C compiler identification could not be found in "/home/szc/Desktop/TensaiFlow_rc_alpha2-0.2/Applications/SZC_motion_1B6S_1IN/build/CMakeFiles/3.21.4/CompilerIdC/CMakeCCompilerId.d"

The CXX compiler identification could not be found in "/home/szc/Desktop/TensaiFlow_rc_alpha2-0.2/Applications/SZC_motion_1B6S_1IN/build/CMakeFiles/3.21.4/CompilerIdCXX/CMakeCXXCompilerId.d"

The C compiler identification could not be found in "/home/szc/Desktop/TensaiFlow_rc_alpha2-0.2/Applications/SZC_motion_1B6S_1IN/build/CMakeFiles/3.21.4/CompilerIdC/CMakeCCompilerId.d"

The CXX compiler identification could not be found in "/home/szc/Desktop/TensaiFlow_rc_alpha2-0.2/Applications/SZC_motion_1B6S_1IN/build/CMakeFiles/3.21.4/CompilerIdCXX/CMakeCXXCompilerId.d"

The C compiler identification could not be found in "/home/szc/Desktop/TensaiFlow_rc_alpha2-0.2/Applications/SZC_motion_1BDD_1IN/build/CMakeFiles/3.21.4/CompilerIdC/CMakeCCompilerId.d"

The CXX compiler identification could not be found in "/home/szc/Desktop/TensaiFlow_rc_alpha2-0.2/Applications/SZC_motion_1BDD_1IN/build/CMakeFiles/3.21.4/CompilerIdCXX/CMakeCXXCompilerId.d"

The C compiler identification could not be found in "/home/szc/Desktop/TensaiFlow_rc_alpha2-0.2/Applications/SZC_motion_1B1D_1IN/build/CMakeFiles/3.21.4/CompilerIdC/CMakeCCompilerId.d"

The CXX compiler identification could not be found in "/home/szc/Desktop/TensaiFlow_rc_alpha2-0.2/Applications/SZC_motion_1B1D_1IN/build/CMakeFiles/3.21.4/CompilerIdCXX/CMakeCXXCompilerId.d"

