The C compiler identification could not be found in "/home/szc/Desktop/TensaiFlow_rc_alpha2-0.2/Applications/SZC_motion_s123/build/CMakeFiles/3.20.5/CompilerIdC/CMakeCCompilerId.d"

The CXX compiler identification could not be found in "/home/szc/Desktop/TensaiFlow_rc_alpha2-0.2/Applications/SZC_motion_s123/build/CMakeFiles/3.20.5/CompilerIdCXX/CMakeCXXCompilerId.d"

The C compiler identification could not be found in "/home/szc/Desktop/TensaiFlow_rc_alpha2-0.2/Applications/SZC_motion_s123/build/CMakeFiles/3.20.5/CompilerIdC/CMakeCCompilerId.d"

The CXX compiler identification could not be found in "/home/szc/Desktop/TensaiFlow_rc_alpha2-0.2/Applications/SZC_motion_s123/build/CMakeFiles/3.20.5/CompilerIdCXX/CMakeCXXCompilerId.d"

The C compiler identification could not be found in "/home/szc/Desktop/TensaiFlow_rc_alpha2-0.2/Applications/SZC_motion_s123/build/CMakeFiles/3.20.5/CompilerIdC/CMakeCCompilerId.d"

The CXX compiler identification could not be found in "/home/szc/Desktop/TensaiFlow_rc_alpha2-0.2/Applications/SZC_motion_s123/build/CMakeFiles/3.20.5/CompilerIdCXX/CMakeCXXCompilerId.d"

The C compiler identification could not be found in "/home/szc/Desktop/TensaiFlow_rc_alpha2-0.2/Applications/SZC_motion_s123/build/CMakeFiles/3.20.5/CompilerIdC/CMakeCCompilerId.d"

The CXX compiler identification could not be found in "/home/szc/Desktop/TensaiFlow_rc_alpha2-0.2/Applications/SZC_motion_s123/build/CMakeFiles/3.20.5/CompilerIdCXX/CMakeCXXCompilerId.d"

The C compiler identification could not be found in "/home/szc/Desktop/TensaiFlow_rc_alpha2-0.2/Applications/SZC_motion_s123/build/CMakeFiles/3.20.5/CompilerIdC/CMakeCCompilerId.d"

The CXX compiler identification could not be found in "/home/szc/Desktop/TensaiFlow_rc_alpha2-0.2/Applications/SZC_motion_s123/build/CMakeFiles/3.20.5/CompilerIdCXX/CMakeCXXCompilerId.d"

The C compiler identification could not be found in "/home/szc/Desktop/TensaiFlow_rc_alpha2-0.2/Applications/SZC_motion_s123/build/CMakeFiles/3.20.5/CompilerIdC/CMakeCCompilerId.d"

The CXX compiler identification could not be found in "/home/szc/Desktop/TensaiFlow_rc_alpha2-0.2/Applications/SZC_motion_s123/build/CMakeFiles/3.20.5/CompilerIdCXX/CMakeCXXCompilerId.d"

The C compiler identification could not be found in "/home/szc/Desktop/TensaiFlow_rc_alpha2-0.2/Applications/SZC_motion_s123/build/CMakeFiles/3.20.5/CompilerIdC/CMakeCCompilerId.d"

The CXX compiler identification could not be found in "/home/szc/Desktop/TensaiFlow_rc_alpha2-0.2/Applications/SZC_motion_s123/build/CMakeFiles/3.20.5/CompilerIdCXX/CMakeCXXCompilerId.d"

The C compiler identification could not be found in "/home/szc/Desktop/TensaiFlow_rc_alpha2-0.2/Applications/SZC_motion_s123/build/CMakeFiles/3.20.5/CompilerIdC/CMakeCCompilerId.d"

The CXX compiler identification could not be found in "/home/szc/Desktop/TensaiFlow_rc_alpha2-0.2/Applications/SZC_motion_s123/build/CMakeFiles/3.20.5/CompilerIdCXX/CMakeCXXCompilerId.d"

The C compiler identification could not be found in "/home/szc/Desktop/TensaiFlow_rc_alpha2-0.2/Applications/SZC_motion_s123/build/CMakeFiles/3.20.5/CompilerIdC/CMakeCCompilerId.d"

The CXX compiler identification could not be found in "/home/szc/Desktop/TensaiFlow_rc_alpha2-0.2/Applications/SZC_motion_s123/build/CMakeFiles/3.20.5/CompilerIdCXX/CMakeCXXCompilerId.d"

The C compiler identification could not be found in "/home/szc/Desktop/TensaiFlow_rc_alpha2-0.2/Applications/SZC_motion_s123/build/CMakeFiles/3.20.5/CompilerIdC/CMakeCCompilerId.d"

The CXX compiler identification could not be found in "/home/szc/Desktop/TensaiFlow_rc_alpha2-0.2/Applications/SZC_motion_s123/build/CMakeFiles/3.20.5/CompilerIdCXX/CMakeCXXCompilerId.d"

The C compiler identification could not be found in "/home/szc/Desktop/TensaiFlow_rc_alpha2-0.2/Applications/SZC_motion_s123/build/CMakeFiles/3.21.1/CompilerIdC/CMakeCCompilerId.d"

The CXX compiler identification could not be found in "/home/szc/Desktop/TensaiFlow_rc_alpha2-0.2/Applications/SZC_motion_s123/build/CMakeFiles/3.21.1/CompilerIdCXX/CMakeCXXCompilerId.d"

The C compiler identification could not be found in "/home/szc/Desktop/TensaiFlow_rc_alpha2-0.2/Applications/SZC_motion_s123/build/CMakeFiles/3.21.1/CompilerIdC/CMakeCCompilerId.d"

The CXX compiler identification could not be found in "/home/szc/Desktop/TensaiFlow_rc_alpha2-0.2/Applications/SZC_motion_s123/build/CMakeFiles/3.21.1/CompilerIdCXX/CMakeCXXCompilerId.d"

The C compiler identification could not be found in "/home/szc/Desktop/TensaiFlow_rc_alpha2-0.2/Applications/SZC_motion_s123/build/CMakeFiles/3.21.1/CompilerIdC/CMakeCCompilerId.d"

The CXX compiler identification could not be found in "/home/szc/Desktop/TensaiFlow_rc_alpha2-0.2/Applications/SZC_motion_s123/build/CMakeFiles/3.21.1/CompilerIdCXX/CMakeCXXCompilerId.d"

The C compiler identification could not be found in "/home/szc/Desktop/TensaiFlow_rc_alpha2-0.2/Applications/SZC_motion_s123/build/CMakeFiles/3.21.1/CompilerIdC/CMakeCCompilerId.d"

The CXX compiler identification could not be found in "/home/szc/Desktop/TensaiFlow_rc_alpha2-0.2/Applications/SZC_motion_s123/build/CMakeFiles/3.21.1/CompilerIdCXX/CMakeCXXCompilerId.d"

The C compiler identification could not be found in "/home/szc/Desktop/TensaiFlow_rc_alpha2-0.2/Applications/SZC_motion_s123/build/CMakeFiles/3.21.1/CompilerIdC/CMakeCCompilerId.d"

The CXX compiler identification could not be found in "/home/szc/Desktop/TensaiFlow_rc_alpha2-0.2/Applications/SZC_motion_s123/build/CMakeFiles/3.21.1/CompilerIdCXX/CMakeCXXCompilerId.d"

The C compiler identification could not be found in "/home/szc/Desktop/TensaiFlow_rc_alpha2-0.2/Applications/SZC_motion_s123/build/CMakeFiles/3.21.1/CompilerIdC/CMakeCCompilerId.d"

The CXX compiler identification could not be found in "/home/szc/Desktop/TensaiFlow_rc_alpha2-0.2/Applications/SZC_motion_s123/build/CMakeFiles/3.21.1/CompilerIdCXX/CMakeCXXCompilerId.d"

The C compiler identification could not be found in "/home/szc/Desktop/TensaiFlow_rc_alpha2-0.2/Applications/SZC_motion_s123/build/CMakeFiles/3.21.1/CompilerIdC/CMakeCCompilerId.d"

The CXX compiler identification could not be found in "/home/szc/Desktop/TensaiFlow_rc_alpha2-0.2/Applications/SZC_motion_s123/build/CMakeFiles/3.21.1/CompilerIdCXX/CMakeCXXCompilerId.d"

The C compiler identification could not be found in "/home/szc/Desktop/TensaiFlow_rc_alpha2-0.2/Applications/SZC_motion_B/build/CMakeFiles/3.21.1/CompilerIdC/CMakeCCompilerId.d"

The CXX compiler identification could not be found in "/home/szc/Desktop/TensaiFlow_rc_alpha2-0.2/Applications/SZC_motion_B/build/CMakeFiles/3.21.1/CompilerIdCXX/CMakeCXXCompilerId.d"

The C compiler identification could not be found in "/home/szc/Desktop/TensaiFlow_rc_alpha2-0.2/Applications/SZC_motion_S/build/CMakeFiles/3.21.1/CompilerIdC/CMakeCCompilerId.d"

The CXX compiler identification could not be found in "/home/szc/Desktop/TensaiFlow_rc_alpha2-0.2/Applications/SZC_motion_S/build/CMakeFiles/3.21.1/CompilerIdCXX/CMakeCXXCompilerId.d"

The C compiler identification could not be found in "/home/szc/Desktop/TensaiFlow_rc_alpha2-0.2/Applications/SZC_motion_S/build/CMakeFiles/3.21.1/CompilerIdC/CMakeCCompilerId.d"

The CXX compiler identification could not be found in "/home/szc/Desktop/TensaiFlow_rc_alpha2-0.2/Applications/SZC_motion_S/build/CMakeFiles/3.21.1/CompilerIdCXX/CMakeCXXCompilerId.d"

The C compiler identification could not be found in "/home/szc/Desktop/TensaiFlow_rc_alpha2-0.2/Applications/SZC_motion_S/build/CMakeFiles/3.21.1/CompilerIdC/CMakeCCompilerId.d"

The CXX compiler identification could not be found in "/home/szc/Desktop/TensaiFlow_rc_alpha2-0.2/Applications/SZC_motion_S/build/CMakeFiles/3.21.1/CompilerIdCXX/CMakeCXXCompilerId.d"

The C compiler identification could not be found in "/home/szc/Desktop/TensaiFlow_rc_alpha2-0.2/Applications/SZC_motion_S/build/CMakeFiles/3.21.1/CompilerIdC/CMakeCCompilerId.d"

The CXX compiler identification could not be found in "/home/szc/Desktop/TensaiFlow_rc_alpha2-0.2/Applications/SZC_motion_S/build/CMakeFiles/3.21.1/CompilerIdCXX/CMakeCXXCompilerId.d"

The C compiler identification could not be found in "/home/szc/Desktop/TensaiFlow_rc_alpha2-0.2/Applications/SZC_motion_B_s3/build/CMakeFiles/3.21.1/CompilerIdC/CMakeCCompilerId.d"

The CXX compiler identification could not be found in "/home/szc/Desktop/TensaiFlow_rc_alpha2-0.2/Applications/SZC_motion_B_s3/build/CMakeFiles/3.21.1/CompilerIdCXX/CMakeCXXCompilerId.d"

The C compiler identification could not be found in "/home/szc/Desktop/TensaiFlow_rc_alpha2-0.2/Applications/SZC_motion_NNoM_B/build/CMakeFiles/3.21.4/CompilerIdC/CMakeCCompilerId.d"

The CXX compiler identification could not be found in "/home/szc/Desktop/TensaiFlow_rc_alpha2-0.2/Applications/SZC_motion_NNoM_B/build/CMakeFiles/3.21.4/CompilerIdCXX/CMakeCXXCompilerId.d"

The C compiler identification could not be found in "/home/szc/Desktop/TensaiFlow_rc_alpha2-0.2/Applications/SZC_motion_B_s123_1IN/build/CMakeFiles/3.21.4/CompilerIdC/CMakeCCompilerId.d"

The CXX compiler identification could not be found in "/home/szc/Desktop/TensaiFlow_rc_alpha2-0.2/Applications/SZC_motion_B_s123_1IN/build/CMakeFiles/3.21.4/CompilerIdCXX/CMakeCXXCompilerId.d"

